Timing Analyzer report for c02_udp2wsled
Tue Oct 11 15:26:29 2022
Quartus Prime Version 21.1.1 Build 850 06/23/2022 SJ Lite Edition


---------------------
; Table of Contents ;
---------------------
  1. Legal Notice
  2. Timing Analyzer Summary
  3. Parallel Compilation
  4. SDC File List
  5. Clocks
  6. Slow 1200mV 85C Model Fmax Summary
  7. Slow 1200mV 85C Model Setup Summary
  8. Slow 1200mV 85C Model Hold Summary
  9. Slow 1200mV 85C Model Recovery Summary
 10. Slow 1200mV 85C Model Removal Summary
 11. Slow 1200mV 85C Model Minimum Pulse Width Summary
 12. Slow 1200mV 85C Model Metastability Summary
 13. Slow 1200mV 0C Model Fmax Summary
 14. Slow 1200mV 0C Model Setup Summary
 15. Slow 1200mV 0C Model Hold Summary
 16. Slow 1200mV 0C Model Recovery Summary
 17. Slow 1200mV 0C Model Removal Summary
 18. Slow 1200mV 0C Model Minimum Pulse Width Summary
 19. Slow 1200mV 0C Model Metastability Summary
 20. Fast 1200mV 0C Model Setup Summary
 21. Fast 1200mV 0C Model Hold Summary
 22. Fast 1200mV 0C Model Recovery Summary
 23. Fast 1200mV 0C Model Removal Summary
 24. Fast 1200mV 0C Model Minimum Pulse Width Summary
 25. Fast 1200mV 0C Model Metastability Summary
 26. Multicorner Timing Analysis Summary
 27. Board Trace Model Assignments
 28. Input Transition Times
 29. Signal Integrity Metrics (Slow 1200mv 0c Model)
 30. Signal Integrity Metrics (Slow 1200mv 85c Model)
 31. Signal Integrity Metrics (Fast 1200mv 0c Model)
 32. Setup Transfers
 33. Hold Transfers
 34. Recovery Transfers
 35. Removal Transfers
 36. Report TCCS
 37. Report RSKM
 38. Unconstrained Paths Summary
 39. Clock Status Summary
 40. Unconstrained Input Ports
 41. Unconstrained Output Ports
 42. Unconstrained Input Ports
 43. Unconstrained Output Ports
 44. Timing Analyzer Messages



----------------
; Legal Notice ;
----------------
Copyright (C) 2022  Intel Corporation. All rights reserved.
Your use of Intel Corporation's design tools, logic functions 
and other software and tools, and any partner logic 
functions, and any output files from any of the foregoing 
(including device programming or simulation files), and any 
associated documentation or information are expressly subject 
to the terms and conditions of the Intel Program License 
Subscription Agreement, the Intel Quartus Prime License Agreement,
the Intel FPGA IP License Agreement, or other applicable license
agreement, including, without limitation, that your use is for
the sole purpose of programming logic devices manufactured by
Intel and sold by Intel or its authorized distributors.  Please
refer to the applicable agreement for further details, at
https://fpgasoftware.intel.com/eula.



+-----------------------------------------------------------------------------+
; Timing Analyzer Summary                                                     ;
+-----------------------+-----------------------------------------------------+
; Quartus Prime Version ; Version 21.1.1 Build 850 06/23/2022 SJ Lite Edition ;
; Timing Analyzer       ; Legacy Timing Analyzer                              ;
; Revision Name         ; c02_udp2wsled                                       ;
; Device Family         ; MAX 10                                              ;
; Device Name           ; 10M02DCV36C8G                                       ;
; Timing Models         ; Final                                               ;
; Delay Model           ; Combined                                            ;
; Rise/Fall Delays      ; Enabled                                             ;
+-----------------------+-----------------------------------------------------+


+------------------------------------------+
; Parallel Compilation                     ;
+----------------------------+-------------+
; Processors                 ; Number      ;
+----------------------------+-------------+
; Number detected on machine ; 8           ;
; Maximum allowed            ; 4           ;
;                            ;             ;
; Average used               ; 1.82        ;
; Maximum used               ; 4           ;
;                            ;             ;
; Usage by Processor         ; % Time Used ;
;     Processor 1            ; 100.0%      ;
;     Processor 2            ;  28.1%      ;
;     Processor 3            ;  27.2%      ;
;     Processor 4            ;  26.9%      ;
+----------------------------+-------------+


+-----------------------------------------------------------------------------------------------------+
; SDC File List                                                                                       ;
+-----------------------------------------------------------------+--------+--------------------------+
; SDC File Path                                                   ; Status ; Read at                  ;
+-----------------------------------------------------------------+--------+--------------------------+
; udp2wsled_core/synthesis/submodules/altera_reset_controller.sdc ; OK     ; Tue Oct 11 15:26:25 2022 ;
; udp2wsled_core/synthesis/submodules/peridot_ethio.sdc           ; OK     ; Tue Oct 11 15:26:25 2022 ;
; cerasite_c02_top.sdc                                            ; OK     ; Tue Oct 11 15:26:25 2022 ;
+-----------------------------------------------------------------+--------+--------------------------+


+-----------------------------------------------------------------------------------------------------------------------------------------------------------------------------------------------------------------------------------------------------------------------------------------------------------------+
; Clocks                                                                                                                                                                                                                                                                                                          ;
+------------------------------------------------+-----------+--------+-----------+-------+--------+------------+-----------+-------------+-------+--------+-----------+------------+----------+----------+--------------------------------------------------+----------------------------------------------------+
; Clock Name                                     ; Type      ; Period ; Frequency ; Rise  ; Fall   ; Duty Cycle ; Divide by ; Multiply by ; Phase ; Offset ; Edge List ; Edge Shift ; Inverted ; Master   ; Source                                           ; Targets                                            ;
+------------------------------------------------+-----------+--------+-----------+-------+--------+------------+-----------+-------------+-------+--------+-----------+------------+----------+----------+--------------------------------------------------+----------------------------------------------------+
; CLOCK_50                                       ; Base      ; 20.000 ; 50.0 MHz  ; 0.000 ; 10.000 ;            ;           ;             ;       ;        ;           ;            ;          ;          ;                                                  ; { CLOCK_50 }                                       ;
; RMII_CLK                                       ; Base      ; 20.000 ; 50.0 MHz  ; 0.000 ; 10.000 ;            ;           ;             ;       ;        ;           ;            ;          ;          ;                                                  ; { RMII_CLK }                                       ;
; u0|altpll_component|auto_generated|pll1|clk[0] ; Generated ; 20.000 ; 50.0 MHz  ; 0.000 ; 10.000 ; 50.00      ; 1         ; 1           ;       ;        ;           ;            ; false    ; CLOCK_50 ; u0|altpll_component|auto_generated|pll1|inclk[0] ; { u0|altpll_component|auto_generated|pll1|clk[0] } ;
+------------------------------------------------+-----------+--------+-----------+-------+--------+------------+-----------+-------------+-------+--------+-----------+------------+----------+----------+--------------------------------------------------+----------------------------------------------------+


+-------------------------------------------------------------------------------------+
; Slow 1200mV 85C Model Fmax Summary                                                  ;
+-----------+-----------------+------------------------------------------------+------+
; Fmax      ; Restricted Fmax ; Clock Name                                     ; Note ;
+-----------+-----------------+------------------------------------------------+------+
; 75.68 MHz ; 75.68 MHz       ; RMII_CLK                                       ;      ;
; 87.47 MHz ; 87.47 MHz       ; u0|altpll_component|auto_generated|pll1|clk[0] ;      ;
+-----------+-----------------+------------------------------------------------+------+
This panel reports FMAX for every clock in the design, regardless of the user-specified clock periods.  FMAX is only computed for paths where the source and destination registers or ports are driven by the same clock.  Paths of different clocks, including generated clocks, are ignored.  For paths between a clock and its inversion, FMAX is computed as if the rising and falling edges are scaled along with FMAX, such that the duty cycle (in terms of a percentage) is maintained. Altera recommends that you always use clock constraints and other slack reports for sign-off analysis.


+------------------------------------------------------------------------+
; Slow 1200mV 85C Model Setup Summary                                    ;
+------------------------------------------------+-------+---------------+
; Clock                                          ; Slack ; End Point TNS ;
+------------------------------------------------+-------+---------------+
; RMII_CLK                                       ; 6.787 ; 0.000         ;
; u0|altpll_component|auto_generated|pll1|clk[0] ; 8.568 ; 0.000         ;
+------------------------------------------------+-------+---------------+


+------------------------------------------------------------------------+
; Slow 1200mV 85C Model Hold Summary                                     ;
+------------------------------------------------+-------+---------------+
; Clock                                          ; Slack ; End Point TNS ;
+------------------------------------------------+-------+---------------+
; RMII_CLK                                       ; 0.394 ; 0.000         ;
; u0|altpll_component|auto_generated|pll1|clk[0] ; 0.944 ; 0.000         ;
+------------------------------------------------+-------+---------------+


+-------------------------------------------------------------------------+
; Slow 1200mV 85C Model Recovery Summary                                  ;
+------------------------------------------------+--------+---------------+
; Clock                                          ; Slack  ; End Point TNS ;
+------------------------------------------------+--------+---------------+
; RMII_CLK                                       ; 13.725 ; 0.000         ;
; u0|altpll_component|auto_generated|pll1|clk[0] ; 14.044 ; 0.000         ;
+------------------------------------------------+--------+---------------+


+------------------------------------------------------------------------+
; Slow 1200mV 85C Model Removal Summary                                  ;
+------------------------------------------------+-------+---------------+
; Clock                                          ; Slack ; End Point TNS ;
+------------------------------------------------+-------+---------------+
; RMII_CLK                                       ; 1.243 ; 0.000         ;
; u0|altpll_component|auto_generated|pll1|clk[0] ; 2.098 ; 0.000         ;
+------------------------------------------------+-------+---------------+


+-------------------------------------------------------------------------+
; Slow 1200mV 85C Model Minimum Pulse Width Summary                       ;
+------------------------------------------------+--------+---------------+
; Clock                                          ; Slack  ; End Point TNS ;
+------------------------------------------------+--------+---------------+
; RMII_CLK                                       ; 9.627  ; 0.000         ;
; CLOCK_50                                       ; 9.894  ; 0.000         ;
; u0|altpll_component|auto_generated|pll1|clk[0] ; 10.129 ; 0.000         ;
+------------------------------------------------+--------+---------------+


-----------------------------------------------
; Slow 1200mV 85C Model Metastability Summary ;
-----------------------------------------------
The design MTBF is not calculated because there are no specified synchronizers in the design.
Number of Synchronizer Chains Found: 10
Shortest Synchronizer Chain: 2 Registers
Fraction of Chains for which MTBFs Could Not be Calculated: 1.000
Worst Case Available Settling Time: 19.164 ns




+-------------------------------------------------------------------------------------+
; Slow 1200mV 0C Model Fmax Summary                                                   ;
+-----------+-----------------+------------------------------------------------+------+
; Fmax      ; Restricted Fmax ; Clock Name                                     ; Note ;
+-----------+-----------------+------------------------------------------------+------+
; 80.78 MHz ; 80.78 MHz       ; RMII_CLK                                       ;      ;
; 92.64 MHz ; 92.64 MHz       ; u0|altpll_component|auto_generated|pll1|clk[0] ;      ;
+-----------+-----------------+------------------------------------------------+------+
This panel reports FMAX for every clock in the design, regardless of the user-specified clock periods.  FMAX is only computed for paths where the source and destination registers or ports are driven by the same clock.  Paths of different clocks, including generated clocks, are ignored.  For paths between a clock and its inversion, FMAX is computed as if the rising and falling edges are scaled along with FMAX, such that the duty cycle (in terms of a percentage) is maintained. Altera recommends that you always use clock constraints and other slack reports for sign-off analysis.


+------------------------------------------------------------------------+
; Slow 1200mV 0C Model Setup Summary                                     ;
+------------------------------------------------+-------+---------------+
; Clock                                          ; Slack ; End Point TNS ;
+------------------------------------------------+-------+---------------+
; RMII_CLK                                       ; 7.620 ; 0.000         ;
; u0|altpll_component|auto_generated|pll1|clk[0] ; 9.206 ; 0.000         ;
+------------------------------------------------+-------+---------------+


+------------------------------------------------------------------------+
; Slow 1200mV 0C Model Hold Summary                                      ;
+------------------------------------------------+-------+---------------+
; Clock                                          ; Slack ; End Point TNS ;
+------------------------------------------------+-------+---------------+
; RMII_CLK                                       ; 0.352 ; 0.000         ;
; u0|altpll_component|auto_generated|pll1|clk[0] ; 0.843 ; 0.000         ;
+------------------------------------------------+-------+---------------+


+-------------------------------------------------------------------------+
; Slow 1200mV 0C Model Recovery Summary                                   ;
+------------------------------------------------+--------+---------------+
; Clock                                          ; Slack  ; End Point TNS ;
+------------------------------------------------+--------+---------------+
; RMII_CLK                                       ; 14.088 ; 0.000         ;
; u0|altpll_component|auto_generated|pll1|clk[0] ; 14.438 ; 0.000         ;
+------------------------------------------------+--------+---------------+


+------------------------------------------------------------------------+
; Slow 1200mV 0C Model Removal Summary                                   ;
+------------------------------------------------+-------+---------------+
; Clock                                          ; Slack ; End Point TNS ;
+------------------------------------------------+-------+---------------+
; RMII_CLK                                       ; 1.130 ; 0.000         ;
; u0|altpll_component|auto_generated|pll1|clk[0] ; 1.874 ; 0.000         ;
+------------------------------------------------+-------+---------------+


+-------------------------------------------------------------------------+
; Slow 1200mV 0C Model Minimum Pulse Width Summary                        ;
+------------------------------------------------+--------+---------------+
; Clock                                          ; Slack  ; End Point TNS ;
+------------------------------------------------+--------+---------------+
; RMII_CLK                                       ; 9.468  ; 0.000         ;
; CLOCK_50                                       ; 9.913  ; 0.000         ;
; u0|altpll_component|auto_generated|pll1|clk[0] ; 10.076 ; 0.000         ;
+------------------------------------------------+--------+---------------+


----------------------------------------------
; Slow 1200mV 0C Model Metastability Summary ;
----------------------------------------------
The design MTBF is not calculated because there are no specified synchronizers in the design.
Number of Synchronizer Chains Found: 10
Shortest Synchronizer Chain: 2 Registers
Fraction of Chains for which MTBFs Could Not be Calculated: 1.000
Worst Case Available Settling Time: 19.240 ns




+-------------------------------------------------------------------------+
; Fast 1200mV 0C Model Setup Summary                                      ;
+------------------------------------------------+--------+---------------+
; Clock                                          ; Slack  ; End Point TNS ;
+------------------------------------------------+--------+---------------+
; RMII_CLK                                       ; 14.230 ; 0.000         ;
; u0|altpll_component|auto_generated|pll1|clk[0] ; 15.337 ; 0.000         ;
+------------------------------------------------+--------+---------------+


+------------------------------------------------------------------------+
; Fast 1200mV 0C Model Hold Summary                                      ;
+------------------------------------------------+-------+---------------+
; Clock                                          ; Slack ; End Point TNS ;
+------------------------------------------------+-------+---------------+
; RMII_CLK                                       ; 0.166 ; 0.000         ;
; u0|altpll_component|auto_generated|pll1|clk[0] ; 0.469 ; 0.000         ;
+------------------------------------------------+-------+---------------+


+-------------------------------------------------------------------------+
; Fast 1200mV 0C Model Recovery Summary                                   ;
+------------------------------------------------+--------+---------------+
; Clock                                          ; Slack  ; End Point TNS ;
+------------------------------------------------+--------+---------------+
; RMII_CLK                                       ; 17.160 ; 0.000         ;
; u0|altpll_component|auto_generated|pll1|clk[0] ; 17.531 ; 0.000         ;
+------------------------------------------------+--------+---------------+


+------------------------------------------------------------------------+
; Fast 1200mV 0C Model Removal Summary                                   ;
+------------------------------------------------+-------+---------------+
; Clock                                          ; Slack ; End Point TNS ;
+------------------------------------------------+-------+---------------+
; RMII_CLK                                       ; 0.522 ; 0.000         ;
; u0|altpll_component|auto_generated|pll1|clk[0] ; 0.966 ; 0.000         ;
+------------------------------------------------+-------+---------------+


+-------------------------------------------------------------------------+
; Fast 1200mV 0C Model Minimum Pulse Width Summary                        ;
+------------------------------------------------+--------+---------------+
; Clock                                          ; Slack  ; End Point TNS ;
+------------------------------------------------+--------+---------------+
; RMII_CLK                                       ; 9.173  ; 0.000         ;
; CLOCK_50                                       ; 9.532  ; 0.000         ;
; u0|altpll_component|auto_generated|pll1|clk[0] ; 10.014 ; 0.000         ;
+------------------------------------------------+--------+---------------+


----------------------------------------------
; Fast 1200mV 0C Model Metastability Summary ;
----------------------------------------------
The design MTBF is not calculated because there are no specified synchronizers in the design.
Number of Synchronizer Chains Found: 10
Shortest Synchronizer Chain: 2 Registers
Fraction of Chains for which MTBFs Could Not be Calculated: 1.000
Worst Case Available Settling Time: 19.671 ns




+------------------------------------------------------------------------------------------------------------+
; Multicorner Timing Analysis Summary                                                                        ;
+-------------------------------------------------+-------+-------+----------+---------+---------------------+
; Clock                                           ; Setup ; Hold  ; Recovery ; Removal ; Minimum Pulse Width ;
+-------------------------------------------------+-------+-------+----------+---------+---------------------+
; Worst-case Slack                                ; 6.787 ; 0.166 ; 13.725   ; 0.522   ; 9.173               ;
;  CLOCK_50                                       ; N/A   ; N/A   ; N/A      ; N/A     ; 9.532               ;
;  RMII_CLK                                       ; 6.787 ; 0.166 ; 13.725   ; 0.522   ; 9.173               ;
;  u0|altpll_component|auto_generated|pll1|clk[0] ; 8.568 ; 0.469 ; 14.044   ; 0.966   ; 10.014              ;
; Design-wide TNS                                 ; 0.0   ; 0.0   ; 0.0      ; 0.0     ; 0.0                 ;
;  CLOCK_50                                       ; N/A   ; N/A   ; N/A      ; N/A     ; 0.000               ;
;  RMII_CLK                                       ; 0.000 ; 0.000 ; 0.000    ; 0.000   ; 0.000               ;
;  u0|altpll_component|auto_generated|pll1|clk[0] ; 0.000 ; 0.000 ; 0.000    ; 0.000   ; 0.000               ;
+-------------------------------------------------+-------+-------+----------+---------+---------------------+


+-----------------------------------------------------------------------------------------------------------------------------------------------------------------------------------------------------------------------------------------------------------------------------------------------------------------------------------------------------------------------------------------------------------------+
; Board Trace Model Assignments                                                                                                                                                                                                                                                                                                                                                                                   ;
+--------------+--------------+-------------------+-------------------------+-------------------------+---------------+---------------------+----------------+------------------+--------+------------------+------------------------+------------------------+--------------+---------------+-----------------+-------+---------------------+--------------------+---------------+-----------------+-------------+
; Pin          ; I/O Standard ; Near Tline Length ; Near Tline L per Length ; Near Tline C per Length ; Near Series R ; Near Differential R ; Near Pull-up R ; Near Pull-down R ; Near C ; Far Tline Length ; Far Tline L per Length ; Far Tline C per Length ; Far Series R ; Far Pull-up R ; Far Pull-down R ; Far C ; Termination Voltage ; Far Differential R ; EBD File Name ; EBD Signal Name ; EBD Far-end ;
+--------------+--------------+-------------------+-------------------------+-------------------------+---------------+---------------------+----------------+------------------+--------+------------------+------------------------+------------------------+--------------+---------------+-----------------+-------+---------------------+--------------------+---------------+-----------------+-------------+
; OSC_OE       ; 3.3-V LVCMOS ; 0 in              ; 0 H/in                  ; 0 F/in                  ; short         ; -                   ; open           ; open             ; open   ; 0 in             ; 0 H/in                 ; 0 F/in                 ; short        ; open          ; open            ; open  ; 0 V                 ; -                  ; n/a           ; n/a             ; n/a         ;
; LED          ; 3.3-V LVCMOS ; 0 in              ; 0 H/in                  ; 0 F/in                  ; short         ; -                   ; open           ; open             ; open   ; 0 in             ; 0 H/in                 ; 0 F/in                 ; short        ; open          ; open            ; open  ; 0 V                 ; -                  ; n/a           ; n/a             ; n/a         ;
; RMII_TXD[0]  ; 3.3-V LVCMOS ; 0 in              ; 0 H/in                  ; 0 F/in                  ; short         ; -                   ; open           ; open             ; open   ; 0 in             ; 0 H/in                 ; 0 F/in                 ; short        ; open          ; open            ; open  ; 0 V                 ; -                  ; n/a           ; n/a             ; n/a         ;
; RMII_TXD[1]  ; 3.3-V LVCMOS ; 0 in              ; 0 H/in                  ; 0 F/in                  ; short         ; -                   ; open           ; open             ; open   ; 0 in             ; 0 H/in                 ; 0 F/in                 ; short        ; open          ; open            ; open  ; 0 V                 ; -                  ; n/a           ; n/a             ; n/a         ;
; RMII_TXEN    ; 3.3-V LVCMOS ; 0 in              ; 0 H/in                  ; 0 F/in                  ; short         ; -                   ; open           ; open             ; open   ; 0 in             ; 0 H/in                 ; 0 F/in                 ; short        ; open          ; open            ; open  ; 0 V                 ; -                  ; n/a           ; n/a             ; n/a         ;
; WSLED[0]     ; 3.3-V LVCMOS ; 0 in              ; 0 H/in                  ; 0 F/in                  ; short         ; -                   ; open           ; open             ; open   ; 0 in             ; 0 H/in                 ; 0 F/in                 ; short        ; open          ; open            ; open  ; 0 V                 ; -                  ; n/a           ; n/a             ; n/a         ;
; WSLED[1]     ; 3.3-V LVCMOS ; 0 in              ; 0 H/in                  ; 0 F/in                  ; short         ; -                   ; open           ; open             ; open   ; 0 in             ; 0 H/in                 ; 0 F/in                 ; short        ; open          ; open            ; open  ; 0 V                 ; -                  ; n/a           ; n/a             ; n/a         ;
; WSLED[2]     ; 3.3-V LVCMOS ; 0 in              ; 0 H/in                  ; 0 F/in                  ; short         ; -                   ; open           ; open             ; open   ; 0 in             ; 0 H/in                 ; 0 F/in                 ; short        ; open          ; open            ; open  ; 0 V                 ; -                  ; n/a           ; n/a             ; n/a         ;
; WSLED[3]     ; 3.3-V LVCMOS ; 0 in              ; 0 H/in                  ; 0 F/in                  ; short         ; -                   ; open           ; open             ; open   ; 0 in             ; 0 H/in                 ; 0 F/in                 ; short        ; open          ; open            ; open  ; 0 V                 ; -                  ; n/a           ; n/a             ; n/a         ;
; ~ALTERA_TDO~ ; 3.3-V LVCMOS ; 0 in              ; 0 H/in                  ; 0 F/in                  ; short         ; -                   ; open           ; open             ; open   ; 0 in             ; 0 H/in                 ; 0 F/in                 ; short        ; open          ; open            ; open  ; 0 V                 ; -                  ; n/a           ; n/a             ; n/a         ;
+--------------+--------------+-------------------+-------------------------+-------------------------+---------------+---------------------+----------------+------------------+--------+------------------+------------------------+------------------------+--------------+---------------+-----------------+-------+---------------------+--------------------+---------------+-----------------+-------------+


+--------------------------------------------------------------------------------+
; Input Transition Times                                                         ;
+--------------------+-----------------------+-----------------+-----------------+
; Pin                ; I/O Standard          ; 10-90 Rise Time ; 90-10 Fall Time ;
+--------------------+-----------------------+-----------------+-----------------+
; RMII_CLK           ; 3.3-V LVCMOS          ; 2640 ps         ; 2640 ps         ;
; CLOCK_50           ; 3.3-V LVCMOS          ; 2640 ps         ; 2640 ps         ;
; RMII_CRSDV         ; 3.3-V LVCMOS          ; 2640 ps         ; 2640 ps         ;
; RMII_RXD[0]        ; 3.3-V LVCMOS          ; 2640 ps         ; 2640 ps         ;
; RMII_RXD[1]        ; 3.3-V LVCMOS          ; 2640 ps         ; 2640 ps         ;
; ~ALTERA_TMS~       ; 3.3 V Schmitt Trigger ; 2640 ps         ; 2640 ps         ;
; ~ALTERA_TCK~       ; 3.3 V Schmitt Trigger ; 2640 ps         ; 2640 ps         ;
; ~ALTERA_TDI~       ; 3.3 V Schmitt Trigger ; 2640 ps         ; 2640 ps         ;
; ~ALTERA_nCONFIG~   ; 3.3 V Schmitt Trigger ; 2640 ps         ; 2640 ps         ;
; ~ALTERA_nSTATUS~   ; 3.3 V Schmitt Trigger ; 2640 ps         ; 2640 ps         ;
; ~ALTERA_CONF_DONE~ ; 3.3 V Schmitt Trigger ; 2640 ps         ; 2640 ps         ;
+--------------------+-----------------------+-----------------+-----------------+


+-------------------------------------------------------------------------------------------------------------------------------------------------------------------------------------------------------------------------------------------------------------------------------------------------------------------------------------------------------------------------------------------------------------------------------------------------------------------------------------------------------------------------------------------------------------------------------------------------------------------------------------------------------------------------------------------+
; Signal Integrity Metrics (Slow 1200mv 0c Model)                                                                                                                                                                                                                                                                                                                                                                                                                                                                                                                                                                                                                                           ;
+--------------+--------------+---------------------+---------------------+------------------------------+------------------------------+---------------------+---------------------+--------------------------------------+--------------------------------------+-----------------------------+-----------------------------+----------------------------+----------------------------+-----------------------------+-----------------------------+--------------------+--------------------+-------------------------------------+-------------------------------------+----------------------------+----------------------------+---------------------------+---------------------------+
; Pin          ; I/O Standard ; Board Delay on Rise ; Board Delay on Fall ; Steady State Voh at FPGA Pin ; Steady State Vol at FPGA Pin ; Voh Max at FPGA Pin ; Vol Min at FPGA Pin ; Ringback Voltage on Rise at FPGA Pin ; Ringback Voltage on Fall at FPGA Pin ; 10-90 Rise Time at FPGA Pin ; 90-10 Fall Time at FPGA Pin ; Monotonic Rise at FPGA Pin ; Monotonic Fall at FPGA Pin ; Steady State Voh at Far-end ; Steady State Vol at Far-end ; Voh Max at Far-end ; Vol Min at Far-end ; Ringback Voltage on Rise at Far-end ; Ringback Voltage on Fall at Far-end ; 10-90 Rise Time at Far-end ; 90-10 Fall Time at Far-end ; Monotonic Rise at Far-end ; Monotonic Fall at Far-end ;
+--------------+--------------+---------------------+---------------------+------------------------------+------------------------------+---------------------+---------------------+--------------------------------------+--------------------------------------+-----------------------------+-----------------------------+----------------------------+----------------------------+-----------------------------+-----------------------------+--------------------+--------------------+-------------------------------------+-------------------------------------+----------------------------+----------------------------+---------------------------+---------------------------+
; OSC_OE       ; 3.3-V LVCMOS ; 0 s                 ; 0 s                 ; 3.08 V                       ; 3.68e-08 V                   ; 3.12 V              ; -0.0463 V           ; 0.208 V                              ; 0.277 V                              ; 8.5e-10 s                   ; 8.53e-10 s                  ; No                         ; No                         ; 3.08 V                      ; 3.68e-08 V                  ; 3.12 V             ; -0.0463 V          ; 0.208 V                             ; 0.277 V                             ; 8.5e-10 s                  ; 8.53e-10 s                 ; No                        ; No                        ;
; LED          ; 3.3-V LVCMOS ; 0 s                 ; 0 s                 ; 3.08 V                       ; 3.68e-08 V                   ; 3.12 V              ; -0.0463 V           ; 0.208 V                              ; 0.277 V                              ; 8.5e-10 s                   ; 8.53e-10 s                  ; No                         ; No                         ; 3.08 V                      ; 3.68e-08 V                  ; 3.12 V             ; -0.0463 V          ; 0.208 V                             ; 0.277 V                             ; 8.5e-10 s                  ; 8.53e-10 s                 ; No                        ; No                        ;
; RMII_TXD[0]  ; 3.3-V LVCMOS ; 0 s                 ; 0 s                 ; 3.08 V                       ; 3.68e-08 V                   ; 3.12 V              ; -0.0463 V           ; 0.208 V                              ; 0.277 V                              ; 8.5e-10 s                   ; 8.53e-10 s                  ; No                         ; No                         ; 3.08 V                      ; 3.68e-08 V                  ; 3.12 V             ; -0.0463 V          ; 0.208 V                             ; 0.277 V                             ; 8.5e-10 s                  ; 8.53e-10 s                 ; No                        ; No                        ;
; RMII_TXD[1]  ; 3.3-V LVCMOS ; 0 s                 ; 0 s                 ; 3.08 V                       ; 3.68e-08 V                   ; 3.12 V              ; -0.0464 V           ; 0.207 V                              ; 0.276 V                              ; 8.51e-10 s                  ; 8.52e-10 s                  ; No                         ; No                         ; 3.08 V                      ; 3.68e-08 V                  ; 3.12 V             ; -0.0464 V          ; 0.207 V                             ; 0.276 V                             ; 8.51e-10 s                 ; 8.52e-10 s                 ; No                        ; No                        ;
; RMII_TXEN    ; 3.3-V LVCMOS ; 0 s                 ; 0 s                 ; 3.08 V                       ; 3.68e-08 V                   ; 3.12 V              ; -0.0464 V           ; 0.207 V                              ; 0.276 V                              ; 8.51e-10 s                  ; 8.52e-10 s                  ; No                         ; No                         ; 3.08 V                      ; 3.68e-08 V                  ; 3.12 V             ; -0.0464 V          ; 0.207 V                             ; 0.276 V                             ; 8.51e-10 s                 ; 8.52e-10 s                 ; No                        ; No                        ;
; WSLED[0]     ; 3.3-V LVCMOS ; 0 s                 ; 0 s                 ; 3.08 V                       ; 3.68e-08 V                   ; 3.12 V              ; -0.0411 V           ; 0.283 V                              ; 0.209 V                              ; 9e-10 s                     ; 1.03e-09 s                  ; No                         ; No                         ; 3.08 V                      ; 3.68e-08 V                  ; 3.12 V             ; -0.0411 V          ; 0.283 V                             ; 0.209 V                             ; 9e-10 s                    ; 1.03e-09 s                 ; No                        ; No                        ;
; WSLED[1]     ; 3.3-V LVCMOS ; 0 s                 ; 0 s                 ; 3.08 V                       ; 3.68e-08 V                   ; 3.12 V              ; -0.0417 V           ; 0.287 V                              ; 0.209 V                              ; 8.99e-10 s                  ; 1.03e-09 s                  ; No                         ; No                         ; 3.08 V                      ; 3.68e-08 V                  ; 3.12 V             ; -0.0417 V          ; 0.287 V                             ; 0.209 V                             ; 8.99e-10 s                 ; 1.03e-09 s                 ; No                        ; No                        ;
; WSLED[2]     ; 3.3-V LVCMOS ; 0 s                 ; 0 s                 ; 3.08 V                       ; 3.68e-08 V                   ; 3.12 V              ; -0.0464 V           ; 0.207 V                              ; 0.276 V                              ; 8.51e-10 s                  ; 8.52e-10 s                  ; No                         ; No                         ; 3.08 V                      ; 3.68e-08 V                  ; 3.12 V             ; -0.0464 V          ; 0.207 V                             ; 0.276 V                             ; 8.51e-10 s                 ; 8.52e-10 s                 ; No                        ; No                        ;
; WSLED[3]     ; 3.3-V LVCMOS ; 0 s                 ; 0 s                 ; 3.08 V                       ; 3.68e-08 V                   ; 3.12 V              ; -0.0463 V           ; 0.208 V                              ; 0.277 V                              ; 8.5e-10 s                   ; 8.53e-10 s                  ; No                         ; No                         ; 3.08 V                      ; 3.68e-08 V                  ; 3.12 V             ; -0.0463 V          ; 0.208 V                             ; 0.277 V                             ; 8.5e-10 s                  ; 8.53e-10 s                 ; No                        ; No                        ;
; ~ALTERA_TDO~ ; 3.3-V LVCMOS ; 0 s                 ; 0 s                 ; 3.08 V                       ; 2.08e-08 V                   ; 3.19 V              ; -0.126 V            ; 0.218 V                              ; 0.383 V                              ; 4.51e-10 s                  ; 4.73e-10 s                  ; No                         ; No                         ; 3.08 V                      ; 2.08e-08 V                  ; 3.19 V             ; -0.126 V           ; 0.218 V                             ; 0.383 V                             ; 4.51e-10 s                 ; 4.73e-10 s                 ; No                        ; No                        ;
+--------------+--------------+---------------------+---------------------+------------------------------+------------------------------+---------------------+---------------------+--------------------------------------+--------------------------------------+-----------------------------+-----------------------------+----------------------------+----------------------------+-----------------------------+-----------------------------+--------------------+--------------------+-------------------------------------+-------------------------------------+----------------------------+----------------------------+---------------------------+---------------------------+


+-------------------------------------------------------------------------------------------------------------------------------------------------------------------------------------------------------------------------------------------------------------------------------------------------------------------------------------------------------------------------------------------------------------------------------------------------------------------------------------------------------------------------------------------------------------------------------------------------------------------------------------------------------------------------------------------+
; Signal Integrity Metrics (Slow 1200mv 85c Model)                                                                                                                                                                                                                                                                                                                                                                                                                                                                                                                                                                                                                                          ;
+--------------+--------------+---------------------+---------------------+------------------------------+------------------------------+---------------------+---------------------+--------------------------------------+--------------------------------------+-----------------------------+-----------------------------+----------------------------+----------------------------+-----------------------------+-----------------------------+--------------------+--------------------+-------------------------------------+-------------------------------------+----------------------------+----------------------------+---------------------------+---------------------------+
; Pin          ; I/O Standard ; Board Delay on Rise ; Board Delay on Fall ; Steady State Voh at FPGA Pin ; Steady State Vol at FPGA Pin ; Voh Max at FPGA Pin ; Vol Min at FPGA Pin ; Ringback Voltage on Rise at FPGA Pin ; Ringback Voltage on Fall at FPGA Pin ; 10-90 Rise Time at FPGA Pin ; 90-10 Fall Time at FPGA Pin ; Monotonic Rise at FPGA Pin ; Monotonic Fall at FPGA Pin ; Steady State Voh at Far-end ; Steady State Vol at Far-end ; Voh Max at Far-end ; Vol Min at Far-end ; Ringback Voltage on Rise at Far-end ; Ringback Voltage on Fall at Far-end ; 10-90 Rise Time at Far-end ; 90-10 Fall Time at Far-end ; Monotonic Rise at Far-end ; Monotonic Fall at Far-end ;
+--------------+--------------+---------------------+---------------------+------------------------------+------------------------------+---------------------+---------------------+--------------------------------------+--------------------------------------+-----------------------------+-----------------------------+----------------------------+----------------------------+-----------------------------+-----------------------------+--------------------+--------------------+-------------------------------------+-------------------------------------+----------------------------+----------------------------+---------------------------+---------------------------+
; OSC_OE       ; 3.3-V LVCMOS ; 0 s                 ; 0 s                 ; 3.08 V                       ; 2.3e-06 V                    ; 3.1 V               ; -0.0199 V           ; 0.191 V                              ; 0.262 V                              ; 1.03e-09 s                  ; 1.05e-09 s                  ; Yes                        ; Yes                        ; 3.08 V                      ; 2.3e-06 V                   ; 3.1 V              ; -0.0199 V          ; 0.191 V                             ; 0.262 V                             ; 1.03e-09 s                 ; 1.05e-09 s                 ; Yes                       ; Yes                       ;
; LED          ; 3.3-V LVCMOS ; 0 s                 ; 0 s                 ; 3.08 V                       ; 2.3e-06 V                    ; 3.1 V               ; -0.0199 V           ; 0.191 V                              ; 0.262 V                              ; 1.03e-09 s                  ; 1.05e-09 s                  ; Yes                        ; Yes                        ; 3.08 V                      ; 2.3e-06 V                   ; 3.1 V              ; -0.0199 V          ; 0.191 V                             ; 0.262 V                             ; 1.03e-09 s                 ; 1.05e-09 s                 ; Yes                       ; Yes                       ;
; RMII_TXD[0]  ; 3.3-V LVCMOS ; 0 s                 ; 0 s                 ; 3.08 V                       ; 2.3e-06 V                    ; 3.1 V               ; -0.0199 V           ; 0.191 V                              ; 0.262 V                              ; 1.03e-09 s                  ; 1.05e-09 s                  ; Yes                        ; Yes                        ; 3.08 V                      ; 2.3e-06 V                   ; 3.1 V              ; -0.0199 V          ; 0.191 V                             ; 0.262 V                             ; 1.03e-09 s                 ; 1.05e-09 s                 ; Yes                       ; Yes                       ;
; RMII_TXD[1]  ; 3.3-V LVCMOS ; 0 s                 ; 0 s                 ; 3.08 V                       ; 2.3e-06 V                    ; 3.1 V               ; -0.0196 V           ; 0.191 V                              ; 0.261 V                              ; 1.03e-09 s                  ; 1.05e-09 s                  ; Yes                        ; Yes                        ; 3.08 V                      ; 2.3e-06 V                   ; 3.1 V              ; -0.0196 V          ; 0.191 V                             ; 0.261 V                             ; 1.03e-09 s                 ; 1.05e-09 s                 ; Yes                       ; Yes                       ;
; RMII_TXEN    ; 3.3-V LVCMOS ; 0 s                 ; 0 s                 ; 3.08 V                       ; 2.3e-06 V                    ; 3.1 V               ; -0.0196 V           ; 0.191 V                              ; 0.261 V                              ; 1.03e-09 s                  ; 1.05e-09 s                  ; Yes                        ; Yes                        ; 3.08 V                      ; 2.3e-06 V                   ; 3.1 V              ; -0.0196 V          ; 0.191 V                             ; 0.261 V                             ; 1.03e-09 s                 ; 1.05e-09 s                 ; Yes                       ; Yes                       ;
; WSLED[0]     ; 3.3-V LVCMOS ; 0 s                 ; 0 s                 ; 3.08 V                       ; 2.3e-06 V                    ; 3.1 V               ; -0.018 V            ; 0.27 V                               ; 0.216 V                              ; 1.11e-09 s                  ; 1.22e-09 s                  ; Yes                        ; Yes                        ; 3.08 V                      ; 2.3e-06 V                   ; 3.1 V              ; -0.018 V           ; 0.27 V                              ; 0.216 V                             ; 1.11e-09 s                 ; 1.22e-09 s                 ; Yes                       ; Yes                       ;
; WSLED[1]     ; 3.3-V LVCMOS ; 0 s                 ; 0 s                 ; 3.08 V                       ; 2.3e-06 V                    ; 3.1 V               ; -0.018 V            ; 0.27 V                               ; 0.217 V                              ; 1.11e-09 s                  ; 1.22e-09 s                  ; Yes                        ; Yes                        ; 3.08 V                      ; 2.3e-06 V                   ; 3.1 V              ; -0.018 V           ; 0.27 V                              ; 0.217 V                             ; 1.11e-09 s                 ; 1.22e-09 s                 ; Yes                       ; Yes                       ;
; WSLED[2]     ; 3.3-V LVCMOS ; 0 s                 ; 0 s                 ; 3.08 V                       ; 2.3e-06 V                    ; 3.1 V               ; -0.0196 V           ; 0.191 V                              ; 0.261 V                              ; 1.03e-09 s                  ; 1.05e-09 s                  ; Yes                        ; Yes                        ; 3.08 V                      ; 2.3e-06 V                   ; 3.1 V              ; -0.0196 V          ; 0.191 V                             ; 0.261 V                             ; 1.03e-09 s                 ; 1.05e-09 s                 ; Yes                       ; Yes                       ;
; WSLED[3]     ; 3.3-V LVCMOS ; 0 s                 ; 0 s                 ; 3.08 V                       ; 2.3e-06 V                    ; 3.1 V               ; -0.0199 V           ; 0.191 V                              ; 0.262 V                              ; 1.03e-09 s                  ; 1.05e-09 s                  ; Yes                        ; Yes                        ; 3.08 V                      ; 2.3e-06 V                   ; 3.1 V              ; -0.0199 V          ; 0.191 V                             ; 0.262 V                             ; 1.03e-09 s                 ; 1.05e-09 s                 ; Yes                       ; Yes                       ;
; ~ALTERA_TDO~ ; 3.3-V LVCMOS ; 0 s                 ; 0 s                 ; 3.08 V                       ; 1.3e-06 V                    ; 3.15 V              ; -0.0682 V           ; 0.279 V                              ; 0.237 V                              ; 4.81e-10 s                  ; 6.4e-10 s                   ; Yes                        ; No                         ; 3.08 V                      ; 1.3e-06 V                   ; 3.15 V             ; -0.0682 V          ; 0.279 V                             ; 0.237 V                             ; 4.81e-10 s                 ; 6.4e-10 s                  ; Yes                       ; No                        ;
+--------------+--------------+---------------------+---------------------+------------------------------+------------------------------+---------------------+---------------------+--------------------------------------+--------------------------------------+-----------------------------+-----------------------------+----------------------------+----------------------------+-----------------------------+-----------------------------+--------------------+--------------------+-------------------------------------+-------------------------------------+----------------------------+----------------------------+---------------------------+---------------------------+


+-------------------------------------------------------------------------------------------------------------------------------------------------------------------------------------------------------------------------------------------------------------------------------------------------------------------------------------------------------------------------------------------------------------------------------------------------------------------------------------------------------------------------------------------------------------------------------------------------------------------------------------------------------------------------------------------+
; Signal Integrity Metrics (Fast 1200mv 0c Model)                                                                                                                                                                                                                                                                                                                                                                                                                                                                                                                                                                                                                                           ;
+--------------+--------------+---------------------+---------------------+------------------------------+------------------------------+---------------------+---------------------+--------------------------------------+--------------------------------------+-----------------------------+-----------------------------+----------------------------+----------------------------+-----------------------------+-----------------------------+--------------------+--------------------+-------------------------------------+-------------------------------------+----------------------------+----------------------------+---------------------------+---------------------------+
; Pin          ; I/O Standard ; Board Delay on Rise ; Board Delay on Fall ; Steady State Voh at FPGA Pin ; Steady State Vol at FPGA Pin ; Voh Max at FPGA Pin ; Vol Min at FPGA Pin ; Ringback Voltage on Rise at FPGA Pin ; Ringback Voltage on Fall at FPGA Pin ; 10-90 Rise Time at FPGA Pin ; 90-10 Fall Time at FPGA Pin ; Monotonic Rise at FPGA Pin ; Monotonic Fall at FPGA Pin ; Steady State Voh at Far-end ; Steady State Vol at Far-end ; Voh Max at Far-end ; Vol Min at Far-end ; Ringback Voltage on Rise at Far-end ; Ringback Voltage on Fall at Far-end ; 10-90 Rise Time at Far-end ; 90-10 Fall Time at Far-end ; Monotonic Rise at Far-end ; Monotonic Fall at Far-end ;
+--------------+--------------+---------------------+---------------------+------------------------------+------------------------------+---------------------+---------------------+--------------------------------------+--------------------------------------+-----------------------------+-----------------------------+----------------------------+----------------------------+-----------------------------+-----------------------------+--------------------+--------------------+-------------------------------------+-------------------------------------+----------------------------+----------------------------+---------------------------+---------------------------+
; OSC_OE       ; 3.3-V LVCMOS ; 0 s                 ; 0 s                 ; 3.46 V                       ; 8.93e-07 V                   ; 3.53 V              ; -0.0306 V           ; 0.247 V                              ; 0.251 V                              ; 6.54e-10 s                  ; 6.68e-10 s                  ; No                         ; Yes                        ; 3.46 V                      ; 8.93e-07 V                  ; 3.53 V             ; -0.0306 V          ; 0.247 V                             ; 0.251 V                             ; 6.54e-10 s                 ; 6.68e-10 s                 ; No                        ; Yes                       ;
; LED          ; 3.3-V LVCMOS ; 0 s                 ; 0 s                 ; 3.46 V                       ; 8.93e-07 V                   ; 3.53 V              ; -0.0306 V           ; 0.247 V                              ; 0.251 V                              ; 6.54e-10 s                  ; 6.68e-10 s                  ; No                         ; Yes                        ; 3.46 V                      ; 8.93e-07 V                  ; 3.53 V             ; -0.0306 V          ; 0.247 V                             ; 0.251 V                             ; 6.54e-10 s                 ; 6.68e-10 s                 ; No                        ; Yes                       ;
; RMII_TXD[0]  ; 3.3-V LVCMOS ; 0 s                 ; 0 s                 ; 3.46 V                       ; 8.93e-07 V                   ; 3.53 V              ; -0.0306 V           ; 0.247 V                              ; 0.251 V                              ; 6.54e-10 s                  ; 6.68e-10 s                  ; No                         ; Yes                        ; 3.46 V                      ; 8.93e-07 V                  ; 3.53 V             ; -0.0306 V          ; 0.247 V                             ; 0.251 V                             ; 6.54e-10 s                 ; 6.68e-10 s                 ; No                        ; Yes                       ;
; RMII_TXD[1]  ; 3.3-V LVCMOS ; 0 s                 ; 0 s                 ; 3.46 V                       ; 8.93e-07 V                   ; 3.53 V              ; -0.0306 V           ; 0.247 V                              ; 0.252 V                              ; 6.55e-10 s                  ; 6.68e-10 s                  ; No                         ; Yes                        ; 3.46 V                      ; 8.93e-07 V                  ; 3.53 V             ; -0.0306 V          ; 0.247 V                             ; 0.252 V                             ; 6.55e-10 s                 ; 6.68e-10 s                 ; No                        ; Yes                       ;
; RMII_TXEN    ; 3.3-V LVCMOS ; 0 s                 ; 0 s                 ; 3.46 V                       ; 8.93e-07 V                   ; 3.53 V              ; -0.0306 V           ; 0.247 V                              ; 0.252 V                              ; 6.55e-10 s                  ; 6.68e-10 s                  ; No                         ; Yes                        ; 3.46 V                      ; 8.93e-07 V                  ; 3.53 V             ; -0.0306 V          ; 0.247 V                             ; 0.252 V                             ; 6.55e-10 s                 ; 6.68e-10 s                 ; No                        ; Yes                       ;
; WSLED[0]     ; 3.3-V LVCMOS ; 0 s                 ; 0 s                 ; 3.46 V                       ; 8.93e-07 V                   ; 3.52 V              ; -0.0321 V           ; 0.324 V                              ; 0.176 V                              ; 6.87e-10 s                  ; 8.14e-10 s                  ; No                         ; Yes                        ; 3.46 V                      ; 8.93e-07 V                  ; 3.52 V             ; -0.0321 V          ; 0.324 V                             ; 0.176 V                             ; 6.87e-10 s                 ; 8.14e-10 s                 ; No                        ; Yes                       ;
; WSLED[1]     ; 3.3-V LVCMOS ; 0 s                 ; 0 s                 ; 3.46 V                       ; 8.93e-07 V                   ; 3.53 V              ; -0.0325 V           ; 0.324 V                              ; 0.176 V                              ; 6.87e-10 s                  ; 8.14e-10 s                  ; No                         ; Yes                        ; 3.46 V                      ; 8.93e-07 V                  ; 3.53 V             ; -0.0325 V          ; 0.324 V                             ; 0.176 V                             ; 6.87e-10 s                 ; 8.14e-10 s                 ; No                        ; Yes                       ;
; WSLED[2]     ; 3.3-V LVCMOS ; 0 s                 ; 0 s                 ; 3.46 V                       ; 8.93e-07 V                   ; 3.53 V              ; -0.0306 V           ; 0.247 V                              ; 0.252 V                              ; 6.55e-10 s                  ; 6.68e-10 s                  ; No                         ; Yes                        ; 3.46 V                      ; 8.93e-07 V                  ; 3.53 V             ; -0.0306 V          ; 0.247 V                             ; 0.252 V                             ; 6.55e-10 s                 ; 6.68e-10 s                 ; No                        ; Yes                       ;
; WSLED[3]     ; 3.3-V LVCMOS ; 0 s                 ; 0 s                 ; 3.46 V                       ; 8.93e-07 V                   ; 3.53 V              ; -0.0306 V           ; 0.247 V                              ; 0.251 V                              ; 6.54e-10 s                  ; 6.68e-10 s                  ; No                         ; Yes                        ; 3.46 V                      ; 8.93e-07 V                  ; 3.53 V             ; -0.0306 V          ; 0.247 V                             ; 0.251 V                             ; 6.54e-10 s                 ; 6.68e-10 s                 ; No                        ; Yes                       ;
; ~ALTERA_TDO~ ; 3.3-V LVCMOS ; 0 s                 ; 0 s                 ; 3.46 V                       ; 5.04e-07 V                   ; 3.64 V              ; -0.0201 V           ; 0.391 V                              ; 0.088 V                              ; 2.79e-10 s                  ; 3.95e-10 s                  ; No                         ; Yes                        ; 3.46 V                      ; 5.04e-07 V                  ; 3.64 V             ; -0.0201 V          ; 0.391 V                             ; 0.088 V                             ; 2.79e-10 s                 ; 3.95e-10 s                 ; No                        ; Yes                       ;
+--------------+--------------+---------------------+---------------------+------------------------------+------------------------------+---------------------+---------------------+--------------------------------------+--------------------------------------+-----------------------------+-----------------------------+----------------------------+----------------------------+-----------------------------+-----------------------------+--------------------+--------------------+-------------------------------------+-------------------------------------+----------------------------+----------------------------+---------------------------+---------------------------+


+---------------------------------------------------------------------------------------------------------------------------------------------+
; Setup Transfers                                                                                                                             ;
+------------------------------------------------+------------------------------------------------+----------+----------+----------+----------+
; From Clock                                     ; To Clock                                       ; RR Paths ; FR Paths ; RF Paths ; FF Paths ;
+------------------------------------------------+------------------------------------------------+----------+----------+----------+----------+
; RMII_CLK                                       ; RMII_CLK                                       ; 21730    ; 0        ; 0        ; 0        ;
; u0|altpll_component|auto_generated|pll1|clk[0] ; RMII_CLK                                       ; 18       ; 0        ; 0        ; 0        ;
; RMII_CLK                                       ; u0|altpll_component|auto_generated|pll1|clk[0] ; 17       ; 0        ; 0        ; 0        ;
; u0|altpll_component|auto_generated|pll1|clk[0] ; u0|altpll_component|auto_generated|pll1|clk[0] ; 35463    ; 0        ; 0        ; 0        ;
+------------------------------------------------+------------------------------------------------+----------+----------+----------+----------+
Entries labeled "false path" only account for clock-to-clock false paths and not path-based false paths. As a result, actual path counts may be lower than reported.


+---------------------------------------------------------------------------------------------------------------------------------------------+
; Hold Transfers                                                                                                                              ;
+------------------------------------------------+------------------------------------------------+----------+----------+----------+----------+
; From Clock                                     ; To Clock                                       ; RR Paths ; FR Paths ; RF Paths ; FF Paths ;
+------------------------------------------------+------------------------------------------------+----------+----------+----------+----------+
; RMII_CLK                                       ; RMII_CLK                                       ; 21730    ; 0        ; 0        ; 0        ;
; u0|altpll_component|auto_generated|pll1|clk[0] ; RMII_CLK                                       ; 18       ; 0        ; 0        ; 0        ;
; RMII_CLK                                       ; u0|altpll_component|auto_generated|pll1|clk[0] ; 17       ; 0        ; 0        ; 0        ;
; u0|altpll_component|auto_generated|pll1|clk[0] ; u0|altpll_component|auto_generated|pll1|clk[0] ; 35463    ; 0        ; 0        ; 0        ;
+------------------------------------------------+------------------------------------------------+----------+----------+----------+----------+
Entries labeled "false path" only account for clock-to-clock false paths and not path-based false paths. As a result, actual path counts may be lower than reported.


+---------------------------------------------------------------------------------------------------------------------------------------------+
; Recovery Transfers                                                                                                                          ;
+------------------------------------------------+------------------------------------------------+----------+----------+----------+----------+
; From Clock                                     ; To Clock                                       ; RR Paths ; FR Paths ; RF Paths ; FF Paths ;
+------------------------------------------------+------------------------------------------------+----------+----------+----------+----------+
; RMII_CLK                                       ; RMII_CLK                                       ; 176      ; 0        ; 0        ; 0        ;
; u0|altpll_component|auto_generated|pll1|clk[0] ; RMII_CLK                                       ; 5        ; 0        ; 0        ; 0        ;
; u0|altpll_component|auto_generated|pll1|clk[0] ; u0|altpll_component|auto_generated|pll1|clk[0] ; 276      ; 0        ; 0        ; 0        ;
+------------------------------------------------+------------------------------------------------+----------+----------+----------+----------+
Entries labeled "false path" only account for clock-to-clock false paths and not path-based false paths. As a result, actual path counts may be lower than reported.


+---------------------------------------------------------------------------------------------------------------------------------------------+
; Removal Transfers                                                                                                                           ;
+------------------------------------------------+------------------------------------------------+----------+----------+----------+----------+
; From Clock                                     ; To Clock                                       ; RR Paths ; FR Paths ; RF Paths ; FF Paths ;
+------------------------------------------------+------------------------------------------------+----------+----------+----------+----------+
; RMII_CLK                                       ; RMII_CLK                                       ; 176      ; 0        ; 0        ; 0        ;
; u0|altpll_component|auto_generated|pll1|clk[0] ; RMII_CLK                                       ; 5        ; 0        ; 0        ; 0        ;
; u0|altpll_component|auto_generated|pll1|clk[0] ; u0|altpll_component|auto_generated|pll1|clk[0] ; 276      ; 0        ; 0        ; 0        ;
+------------------------------------------------+------------------------------------------------+----------+----------+----------+----------+
Entries labeled "false path" only account for clock-to-clock false paths and not path-based false paths. As a result, actual path counts may be lower than reported.


---------------
; Report TCCS ;
---------------
No dedicated SERDES Transmitter circuitry present in device or used in design


---------------
; Report RSKM ;
---------------
No non-DPA dedicated SERDES Receiver circuitry present in device or used in design


+------------------------------------------------+
; Unconstrained Paths Summary                    ;
+---------------------------------+-------+------+
; Property                        ; Setup ; Hold ;
+---------------------------------+-------+------+
; Illegal Clocks                  ; 0     ; 0    ;
; Unconstrained Clocks            ; 0     ; 0    ;
; Unconstrained Input Ports       ; 3     ; 3    ;
; Unconstrained Input Port Paths  ; 3     ; 3    ;
; Unconstrained Output Ports      ; 8     ; 8    ;
; Unconstrained Output Port Paths ; 8     ; 8    ;
+---------------------------------+-------+------+


+---------------------------------------------------------------------------------------------------------------------------+
; Clock Status Summary                                                                                                      ;
+------------------------------------------------+------------------------------------------------+-----------+-------------+
; Target                                         ; Clock                                          ; Type      ; Status      ;
+------------------------------------------------+------------------------------------------------+-----------+-------------+
; CLOCK_50                                       ; CLOCK_50                                       ; Base      ; Constrained ;
; RMII_CLK                                       ; RMII_CLK                                       ; Base      ; Constrained ;
; u0|altpll_component|auto_generated|pll1|clk[0] ; u0|altpll_component|auto_generated|pll1|clk[0] ; Generated ; Constrained ;
+------------------------------------------------+------------------------------------------------+-----------+-------------+


+----------------------------------------------------------------------------------------------------+
; Unconstrained Input Ports                                                                          ;
+-------------+--------------------------------------------------------------------------------------+
; Input Port  ; Comment                                                                              ;
+-------------+--------------------------------------------------------------------------------------+
; RMII_CRSDV  ; No input delay, min/max delays, false-path exceptions, or max skew assignments found ;
; RMII_RXD[0] ; No input delay, min/max delays, false-path exceptions, or max skew assignments found ;
; RMII_RXD[1] ; No input delay, min/max delays, false-path exceptions, or max skew assignments found ;
+-------------+--------------------------------------------------------------------------------------+


+-----------------------------------------------------------------------------------------------------+
; Unconstrained Output Ports                                                                          ;
+-------------+---------------------------------------------------------------------------------------+
; Output Port ; Comment                                                                               ;
+-------------+---------------------------------------------------------------------------------------+
; LED         ; No output delay, min/max delays, false-path exceptions, or max skew assignments found ;
; RMII_TXD[0] ; No output delay, min/max delays, false-path exceptions, or max skew assignments found ;
; RMII_TXD[1] ; No output delay, min/max delays, false-path exceptions, or max skew assignments found ;
; RMII_TXEN   ; No output delay, min/max delays, false-path exceptions, or max skew assignments found ;
; WSLED[0]    ; No output delay, min/max delays, false-path exceptions, or max skew assignments found ;
; WSLED[1]    ; No output delay, min/max delays, false-path exceptions, or max skew assignments found ;
; WSLED[2]    ; No output delay, min/max delays, false-path exceptions, or max skew assignments found ;
; WSLED[3]    ; No output delay, min/max delays, false-path exceptions, or max skew assignments found ;
+-------------+---------------------------------------------------------------------------------------+


+----------------------------------------------------------------------------------------------------+
; Unconstrained Input Ports                                                                          ;
+-------------+--------------------------------------------------------------------------------------+
; Input Port  ; Comment                                                                              ;
+-------------+--------------------------------------------------------------------------------------+
; RMII_CRSDV  ; No input delay, min/max delays, false-path exceptions, or max skew assignments found ;
; RMII_RXD[0] ; No input delay, min/max delays, false-path exceptions, or max skew assignments found ;
; RMII_RXD[1] ; No input delay, min/max delays, false-path exceptions, or max skew assignments found ;
+-------------+--------------------------------------------------------------------------------------+


+-----------------------------------------------------------------------------------------------------+
; Unconstrained Output Ports                                                                          ;
+-------------+---------------------------------------------------------------------------------------+
; Output Port ; Comment                                                                               ;
+-------------+---------------------------------------------------------------------------------------+
; LED         ; No output delay, min/max delays, false-path exceptions, or max skew assignments found ;
; RMII_TXD[0] ; No output delay, min/max delays, false-path exceptions, or max skew assignments found ;
; RMII_TXD[1] ; No output delay, min/max delays, false-path exceptions, or max skew assignments found ;
; RMII_TXEN   ; No output delay, min/max delays, false-path exceptions, or max skew assignments found ;
; WSLED[0]    ; No output delay, min/max delays, false-path exceptions, or max skew assignments found ;
; WSLED[1]    ; No output delay, min/max delays, false-path exceptions, or max skew assignments found ;
; WSLED[2]    ; No output delay, min/max delays, false-path exceptions, or max skew assignments found ;
; WSLED[3]    ; No output delay, min/max delays, false-path exceptions, or max skew assignments found ;
+-------------+---------------------------------------------------------------------------------------+


+--------------------------+
; Timing Analyzer Messages ;
+--------------------------+
Info: *******************************************************************
Info: Running Quartus Prime Timing Analyzer
    Info: Version 21.1.1 Build 850 06/23/2022 SJ Lite Edition
    Info: Processing started: Tue Oct 11 15:26:24 2022
Info: Command: quartus_sta c02_udp2wsled -c c02_udp2wsled
Info: qsta_default_script.tcl version: #1
Warning (18236): Number of processors has not been specified which may cause overloading on shared machines.  Set the global assignment NUM_PARALLEL_PROCESSORS in your QSF to an appropriate value for best performance.
Info (20030): Parallel compilation is enabled and will use 4 of the 4 processors detected
Info (21077): Low junction temperature is 0 degrees C
Info (21077): High junction temperature is 85 degrees C
Info (332104): Reading SDC File: 'udp2wsled_core/synthesis/submodules/altera_reset_controller.sdc'
Info (332104): Reading SDC File: 'udp2wsled_core/synthesis/submodules/peridot_ethio.sdc'
Warning (332174): Ignored filter at peridot_ethio.sdc(39): *|peridot_ethio_cdb_vector:u_cdb_status|in_data_reg[*] could not be matched with a register File: C:/PROJECT/c87_sodalite/C-02/fpga/c02_udp2wsled/udp2wsled_core/synthesis/submodules/peridot_ethio.sdc Line: 39
Warning (332049): Ignored set_false_path at peridot_ethio.sdc(38): Argument <to> is an empty collection File: C:/PROJECT/c87_sodalite/C-02/fpga/c02_udp2wsled/udp2wsled_core/synthesis/submodules/peridot_ethio.sdc Line: 38
    Info (332050): set_false_path \
    -to [get_registers {*|peridot_ethio_cdb_vector:u_cdb_status|in_data_reg[*]}] File: C:/PROJECT/c87_sodalite/C-02/fpga/c02_udp2wsled/udp2wsled_core/synthesis/submodules/peridot_ethio.sdc Line: 38
Warning (332174): Ignored filter at peridot_ethio.sdc(41): *|peridot_ethio_cdb_vector:u_cdb_param|in_data_reg[*] could not be matched with a register File: C:/PROJECT/c87_sodalite/C-02/fpga/c02_udp2wsled/udp2wsled_core/synthesis/submodules/peridot_ethio.sdc Line: 41
Warning (332049): Ignored set_false_path at peridot_ethio.sdc(40): Argument <to> is an empty collection File: C:/PROJECT/c87_sodalite/C-02/fpga/c02_udp2wsled/udp2wsled_core/synthesis/submodules/peridot_ethio.sdc Line: 40
    Info (332050): set_false_path \
    -to [get_registers {*|peridot_ethio_cdb_vector:u_cdb_param|in_data_reg[*]}] File: C:/PROJECT/c87_sodalite/C-02/fpga/c02_udp2wsled/udp2wsled_core/synthesis/submodules/peridot_ethio.sdc Line: 40
Warning (332174): Ignored filter at peridot_ethio.sdc(46): *|peridot_ethio_cdb_get:*|in_data_reg[*] could not be matched with a register File: C:/PROJECT/c87_sodalite/C-02/fpga/c02_udp2wsled/udp2wsled_core/synthesis/submodules/peridot_ethio.sdc Line: 46
Warning (332174): Ignored filter at peridot_ethio.sdc(47): *|peridot_ethio_cdb_get:*|peridot_ethio_cdb_vector:u_cdb3|in_data_reg[*] could not be matched with a register File: C:/PROJECT/c87_sodalite/C-02/fpga/c02_udp2wsled/udp2wsled_core/synthesis/submodules/peridot_ethio.sdc Line: 47
Warning (332049): Ignored set_false_path at peridot_ethio.sdc(45): Argument <from> is an empty collection File: C:/PROJECT/c87_sodalite/C-02/fpga/c02_udp2wsled/udp2wsled_core/synthesis/submodules/peridot_ethio.sdc Line: 45
    Info (332050): set_false_path \
    -from [get_registers {*|peridot_ethio_cdb_get:*|in_data_reg[*]}] \
    -to [get_registers {*|peridot_ethio_cdb_get:*|peridot_ethio_cdb_vector:u_cdb3|in_data_reg[*]}] File: C:/PROJECT/c87_sodalite/C-02/fpga/c02_udp2wsled/udp2wsled_core/synthesis/submodules/peridot_ethio.sdc Line: 45
Warning (332049): Ignored set_false_path at peridot_ethio.sdc(45): Argument <to> is an empty collection File: C:/PROJECT/c87_sodalite/C-02/fpga/c02_udp2wsled/udp2wsled_core/synthesis/submodules/peridot_ethio.sdc Line: 45
Info (332104): Reading SDC File: 'cerasite_c02_top.sdc'
Info (332110): Deriving PLL clocks
    Info (332110): create_generated_clock -source {u0|altpll_component|auto_generated|pll1|inclk[0]} -duty_cycle 50.00 -name {u0|altpll_component|auto_generated|pll1|clk[0]} {u0|altpll_component|auto_generated|pll1|clk[0]}
Info (332151): Clock uncertainty is not calculated until you update the timing netlist.
Info (332123): Deriving Clock Uncertainty. Please refer to report_sdc in the Timing Analyzer to see clock uncertainties.
Info: Found TIMING_ANALYZER_REPORT_SCRIPT_INCLUDE_DEFAULT_ANALYSIS = ON
Info: Analyzing Slow 1200mV 85C Model
Info: Can't run Report Timing Closure Recommendations. The current device family is not supported.
Info (332146): Worst-case setup slack is 6.787
    Info (332119):     Slack       End Point TNS Clock 
    Info (332119): ========= =================== =====================
    Info (332119):     6.787               0.000 RMII_CLK 
    Info (332119):     8.568               0.000 u0|altpll_component|auto_generated|pll1|clk[0] 
Info (332146): Worst-case hold slack is 0.394
    Info (332119):     Slack       End Point TNS Clock 
    Info (332119): ========= =================== =====================
    Info (332119):     0.394               0.000 RMII_CLK 
    Info (332119):     0.944               0.000 u0|altpll_component|auto_generated|pll1|clk[0] 
Info (332146): Worst-case recovery slack is 13.725
    Info (332119):     Slack       End Point TNS Clock 
    Info (332119): ========= =================== =====================
    Info (332119):    13.725               0.000 RMII_CLK 
    Info (332119):    14.044               0.000 u0|altpll_component|auto_generated|pll1|clk[0] 
Info (332146): Worst-case removal slack is 1.243
    Info (332119):     Slack       End Point TNS Clock 
    Info (332119): ========= =================== =====================
    Info (332119):     1.243               0.000 RMII_CLK 
    Info (332119):     2.098               0.000 u0|altpll_component|auto_generated|pll1|clk[0] 
Info (332146): Worst-case minimum pulse width slack is 9.627
    Info (332119):     Slack       End Point TNS Clock 
    Info (332119): ========= =================== =====================
    Info (332119):     9.627               0.000 RMII_CLK 
    Info (332119):     9.894               0.000 CLOCK_50 
    Info (332119):    10.129               0.000 u0|altpll_component|auto_generated|pll1|clk[0] 
Info (332114): Report Metastability: Found 10 synchronizer chains.
    Info (332114): The design MTBF is not calculated because there are no specified synchronizers in the design.
    Info (332114): Number of Synchronizer Chains Found: 10
    Info (332114): Shortest Synchronizer Chain: 2 Registers
    Info (332114): Fraction of Chains for which MTBFs Could Not be Calculated: 1.000
    Info (332114): Worst Case Available Settling Time: 19.164 ns
    Info (332114): 
Info: Analyzing Slow 1200mV 0C Model
Info (334003): Started post-fitting delay annotation
Info (334004): Delay annotation completed successfully
Info (332123): Deriving Clock Uncertainty. Please refer to report_sdc in the Timing Analyzer to see clock uncertainties.
Info (332146): Worst-case setup slack is 7.620
    Info (332119):     Slack       End Point TNS Clock 
    Info (332119): ========= =================== =====================
    Info (332119):     7.620               0.000 RMII_CLK 
    Info (332119):     9.206               0.000 u0|altpll_component|auto_generated|pll1|clk[0] 
Info (332146): Worst-case hold slack is 0.352
    Info (332119):     Slack       End Point TNS Clock 
    Info (332119): ========= =================== =====================
    Info (332119):     0.352               0.000 RMII_CLK 
    Info (332119):     0.843               0.000 u0|altpll_component|auto_generated|pll1|clk[0] 
Info (332146): Worst-case recovery slack is 14.088
    Info (332119):     Slack       End Point TNS Clock 
    Info (332119): ========= =================== =====================
    Info (332119):    14.088               0.000 RMII_CLK 
    Info (332119):    14.438               0.000 u0|altpll_component|auto_generated|pll1|clk[0] 
Info (332146): Worst-case removal slack is 1.130
    Info (332119):     Slack       End Point TNS Clock 
    Info (332119): ========= =================== =====================
    Info (332119):     1.130               0.000 RMII_CLK 
    Info (332119):     1.874               0.000 u0|altpll_component|auto_generated|pll1|clk[0] 
Info (332146): Worst-case minimum pulse width slack is 9.468
    Info (332119):     Slack       End Point TNS Clock 
    Info (332119): ========= =================== =====================
    Info (332119):     9.468               0.000 RMII_CLK 
    Info (332119):     9.913               0.000 CLOCK_50 
    Info (332119):    10.076               0.000 u0|altpll_component|auto_generated|pll1|clk[0] 
Info (332114): Report Metastability: Found 10 synchronizer chains.
    Info (332114): The design MTBF is not calculated because there are no specified synchronizers in the design.
    Info (332114): Number of Synchronizer Chains Found: 10
    Info (332114): Shortest Synchronizer Chain: 2 Registers
    Info (332114): Fraction of Chains for which MTBFs Could Not be Calculated: 1.000
    Info (332114): Worst Case Available Settling Time: 19.240 ns
    Info (332114): 
Info: Analyzing Fast 1200mV 0C Model
Info (332123): Deriving Clock Uncertainty. Please refer to report_sdc in the Timing Analyzer to see clock uncertainties.
Info (332146): Worst-case setup slack is 14.230
    Info (332119):     Slack       End Point TNS Clock 
    Info (332119): ========= =================== =====================
    Info (332119):    14.230               0.000 RMII_CLK 
    Info (332119):    15.337               0.000 u0|altpll_component|auto_generated|pll1|clk[0] 
Info (332146): Worst-case hold slack is 0.166
    Info (332119):     Slack       End Point TNS Clock 
    Info (332119): ========= =================== =====================
    Info (332119):     0.166               0.000 RMII_CLK 
    Info (332119):     0.469               0.000 u0|altpll_component|auto_generated|pll1|clk[0] 
Info (332146): Worst-case recovery slack is 17.160
    Info (332119):     Slack       End Point TNS Clock 
    Info (332119): ========= =================== =====================
    Info (332119):    17.160               0.000 RMII_CLK 
    Info (332119):    17.531               0.000 u0|altpll_component|auto_generated|pll1|clk[0] 
Info (332146): Worst-case removal slack is 0.522
    Info (332119):     Slack       End Point TNS Clock 
    Info (332119): ========= =================== =====================
    Info (332119):     0.522               0.000 RMII_CLK 
    Info (332119):     0.966               0.000 u0|altpll_component|auto_generated|pll1|clk[0] 
Info (332146): Worst-case minimum pulse width slack is 9.173
    Info (332119):     Slack       End Point TNS Clock 
    Info (332119): ========= =================== =====================
    Info (332119):     9.173               0.000 RMII_CLK 
    Info (332119):     9.532               0.000 CLOCK_50 
    Info (332119):    10.014               0.000 u0|altpll_component|auto_generated|pll1|clk[0] 
Info (332114): Report Metastability: Found 10 synchronizer chains.
    Info (332114): The design MTBF is not calculated because there are no specified synchronizers in the design.
    Info (332114): Number of Synchronizer Chains Found: 10
    Info (332114): Shortest Synchronizer Chain: 2 Registers
    Info (332114): Fraction of Chains for which MTBFs Could Not be Calculated: 1.000
    Info (332114): Worst Case Available Settling Time: 19.671 ns
    Info (332114): 
Info (332102): Design is not fully constrained for setup requirements
Info (332102): Design is not fully constrained for hold requirements
Info: Quartus Prime Timing Analyzer was successful. 0 errors, 9 warnings
    Info: Peak virtual memory: 4810 megabytes
    Info: Processing ended: Tue Oct 11 15:26:29 2022
    Info: Elapsed time: 00:00:05
    Info: Total CPU time (on all processors): 00:00:07


