Flow report for c02_udp2wsled
Tue Oct 11 15:26:29 2022
Quartus Prime Version 21.1.1 Build 850 06/23/2022 SJ Lite Edition


---------------------
; Table of Contents ;
---------------------
  1. Legal Notice
  2. Flow Summary
  3. Flow Settings
  4. Flow Non-Default Global Settings
  5. Flow Elapsed Time
  6. Flow OS Summary
  7. Flow Log
  8. Flow Messages
  9. Flow Suppressed Messages



----------------
; Legal Notice ;
----------------
Copyright (C) 2022  Intel Corporation. All rights reserved.
Your use of Intel Corporation's design tools, logic functions 
and other software and tools, and any partner logic 
functions, and any output files from any of the foregoing 
(including device programming or simulation files), and any 
associated documentation or information are expressly subject 
to the terms and conditions of the Intel Program License 
Subscription Agreement, the Intel Quartus Prime License Agreement,
the Intel FPGA IP License Agreement, or other applicable license
agreement, including, without limitation, that your use is for
the sole purpose of programming logic devices manufactured by
Intel and sold by Intel or its authorized distributors.  Please
refer to the applicable agreement for further details, at
https://fpgasoftware.intel.com/eula.



+----------------------------------------------------------------------------------+
; Flow Summary                                                                     ;
+------------------------------------+---------------------------------------------+
; Flow Status                        ; Successful - Tue Oct 11 15:26:23 2022       ;
; Quartus Prime Version              ; 21.1.1 Build 850 06/23/2022 SJ Lite Edition ;
; Revision Name                      ; c02_udp2wsled                               ;
; Top-level Entity Name              ; c02_udp2wsled                               ;
; Family                             ; MAX 10                                      ;
; Device                             ; 10M02DCV36C8G                               ;
; Timing Models                      ; Final                                       ;
; Total logic elements               ; 2,039 / 2,304 ( 88 % )                      ;
;     Total combinational functions  ; 1,962 / 2,304 ( 85 % )                      ;
;     Dedicated logic registers      ; 943 / 2,304 ( 41 % )                        ;
; Total registers                    ; 949                                         ;
; Total pins                         ; 14 / 27 ( 52 % )                            ;
; Total virtual pins                 ; 0                                           ;
; Total memory bits                  ; 98,304 / 110,592 ( 89 % )                   ;
; Embedded Multiplier 9-bit elements ; 0 / 32 ( 0 % )                              ;
; Total PLLs                         ; 1 / 1 ( 100 % )                             ;
; UFM blocks                         ; 0 / 1 ( 0 % )                               ;
; ADC blocks                         ; 0                                           ;
+------------------------------------+---------------------------------------------+


+-----------------------------------------+
; Flow Settings                           ;
+-------------------+---------------------+
; Option            ; Setting             ;
+-------------------+---------------------+
; Start date & time ; 10/11/2022 15:25:44 ;
; Main task         ; Compilation         ;
; Revision Name     ; c02_udp2wsled       ;
+-------------------+---------------------+


+------------------------------------------------------------------------------------------------------------------------------------------------------+
; Flow Non-Default Global Settings                                                                                                                     ;
+-------------------------------------+------------------------------------------------------------------+---------------+----------------+------------+
; Assignment Name                     ; Value                                                            ; Default Value ; Entity Name    ; Section Id ;
+-------------------------------------+------------------------------------------------------------------+---------------+----------------+------------+
; COMPILER_SIGNATURE_ID               ; 53849985591009.166546954405756                                   ; --            ; --             ; --         ;
; MAX_CORE_JUNCTION_TEMP              ; 85                                                               ; --            ; --             ; --         ;
; MIN_CORE_JUNCTION_TEMP              ; 0                                                                ; --            ; --             ; --         ;
; MISC_FILE                           ; pll/syspll_bb.v                                                  ; --            ; --             ; --         ;
; MISC_FILE                           ; pll/syspll.ppf                                                   ; --            ; --             ; --         ;
; MISC_FILE                           ; udp2wsled_core/synthesis/../udp2wsled_core.cmp                   ; --            ; --             ; --         ;
; MISC_FILE                           ; udp2wsled_core/synthesis/../../udp2wsled_core.qsys               ; --            ; --             ; --         ;
; OUTPUT_IO_TIMING_FAR_END_VMEAS      ; Half Signal Swing                                                ; --            ; --             ; --         ;
; OUTPUT_IO_TIMING_FAR_END_VMEAS      ; Half Signal Swing                                                ; --            ; --             ; --         ;
; OUTPUT_IO_TIMING_NEAR_END_VMEAS     ; Half Vccio                                                       ; --            ; --             ; --         ;
; OUTPUT_IO_TIMING_NEAR_END_VMEAS     ; Half Vccio                                                       ; --            ; --             ; --         ;
; PARTITION_COLOR                     ; -- (Not supported for targeted family)                           ; --            ; --             ; Top        ;
; PARTITION_FITTER_PRESERVATION_LEVEL ; -- (Not supported for targeted family)                           ; --            ; --             ; Top        ;
; PARTITION_NETLIST_TYPE              ; -- (Not supported for targeted family)                           ; --            ; --             ; Top        ;
; POWER_BOARD_THERMAL_MODEL           ; None (CONSERVATIVE)                                              ; --            ; --             ; --         ;
; POWER_PRESET_COOLING_SOLUTION       ; 23 MM HEAT SINK WITH 200 LFPM AIRFLOW                            ; --            ; --             ; --         ;
; PROJECT_OUTPUT_DIRECTORY            ; output_files                                                     ; --            ; --             ; --         ;
; SLD_FILE                            ; udp2wsled_core/synthesis/udp2wsled_core.debuginfo                ; --            ; --             ; --         ;
; SLD_INFO                            ; QSYS_NAME udp2wsled_core HAS_SOPCINFO 1 GENERATION_ID 1664541163 ; --            ; udp2wsled_core ; --         ;
; SOPCINFO_FILE                       ; udp2wsled_core/synthesis/../../udp2wsled_core.sopcinfo           ; --            ; --             ; --         ;
; SYNTHESIS_ONLY_QIP                  ; On                                                               ; --            ; --             ; --         ;
+-------------------------------------+------------------------------------------------------------------+---------------+----------------+------------+


+--------------------------------------------------------------------------------------------------------------------------+
; Flow Elapsed Time                                                                                                        ;
+----------------------+--------------+-------------------------+---------------------+------------------------------------+
; Module Name          ; Elapsed Time ; Average Processors Used ; Peak Virtual Memory ; Total CPU Time (on all processors) ;
+----------------------+--------------+-------------------------+---------------------+------------------------------------+
; Analysis & Synthesis ; 00:00:20     ; 1.0                     ; 4821 MB             ; 00:00:38                           ;
; Fitter               ; 00:00:14     ; 1.4                     ; 5578 MB             ; 00:00:20                           ;
; Assembler            ; 00:00:01     ; 1.0                     ; 4700 MB             ; 00:00:01                           ;
; Timing Analyzer      ; 00:00:05     ; 1.8                     ; 4810 MB             ; 00:00:07                           ;
; Total                ; 00:00:40     ; --                      ; --                  ; 00:01:06                           ;
+----------------------+--------------+-------------------------+---------------------+------------------------------------+


+------------------------------------------------------------------------------------+
; Flow OS Summary                                                                    ;
+----------------------+------------------+------------+------------+----------------+
; Module Name          ; Machine Hostname ; OS Name    ; OS Version ; Processor type ;
+----------------------+------------------+------------+------------+----------------+
; Analysis & Synthesis ; BRUENNHILDE      ; Windows 10 ; 10.0       ; x86_64         ;
; Fitter               ; BRUENNHILDE      ; Windows 10 ; 10.0       ; x86_64         ;
; Assembler            ; BRUENNHILDE      ; Windows 10 ; 10.0       ; x86_64         ;
; Timing Analyzer      ; BRUENNHILDE      ; Windows 10 ; 10.0       ; x86_64         ;
+----------------------+------------------+------------+------------+----------------+


------------
; Flow Log ;
------------
quartus_map --read_settings_files=on --write_settings_files=off c02_udp2wsled -c c02_udp2wsled
quartus_fit --read_settings_files=off --write_settings_files=off c02_udp2wsled -c c02_udp2wsled
quartus_asm --read_settings_files=off --write_settings_files=off c02_udp2wsled -c c02_udp2wsled
quartus_sta c02_udp2wsled -c c02_udp2wsled



